<?xml version="1.0" encoding="UTF-8"?>
<coverage generated="1588732176840" clover="3.2.0">
  <project timestamp="1588732176841" name="All files">
    <metrics statements="44" coveredstatements="27" conditionals="11" coveredconditionals="0" methods="15" coveredmethods="5" elements="70" coveredelements="32" complexity="0" loc="44" ncloc="44" packages="2" files="4" classes="4"/>
    <package name="client.src.components">
      <metrics statements="42" coveredstatements="25" conditionals="11" coveredconditionals="0" methods="14" coveredmethods="4"/>
      <file name="App.jsx" path="/Users/cmcoffey-puccini/Desktop/HR/FEC/Collections/client/src/components/App.jsx">
        <metrics statements="17" coveredstatements="10" conditionals="0" coveredconditionals="0" methods="8" coveredmethods="4"/>
        <line num="27" count="1" type="stmt"/>
        <line num="35" count="1" type="stmt"/>
        <line num="43" count="2" type="stmt"/>
        <line num="45" count="2" type="stmt"/>
        <line num="52" count="2" type="stmt"/>
        <line num="53" count="2" type="stmt"/>
        <line num="58" count="2" type="stmt"/>
        <line num="62" count="2" type="stmt"/>
        <line num="66" count="0" type="stmt"/>
        <line num="67" count="0" type="stmt"/>
        <line num="73" count="0" type="stmt"/>
        <line num="79" count="0" type="stmt"/>
        <line num="80" count="0" type="stmt"/>
        <line num="86" count="0" type="stmt"/>
        <line num="87" count="0" type="stmt"/>
        <line num="93" count="2" type="stmt"/>
        <line num="95" count="2" type="stmt"/>
      </file>
      <file name="CollectionItem.jsx" path="/Users/cmcoffey-puccini/Desktop/HR/FEC/Collections/client/src/components/CollectionItem.jsx">
        <metrics statements="16" coveredstatements="8" conditionals="6" coveredconditionals="0" methods="4" coveredmethods="0"/>
        <line num="5" count="1" type="stmt"/>
        <line num="7" count="0" type="cond" truecount="0" falsecount="2"/>
        <line num="8" count="0" type="cond" truecount="0" falsecount="2"/>
        <line num="9" count="0" type="cond" truecount="0" falsecount="2"/>
        <line num="15" count="1" type="stmt"/>
        <line num="22" count="1" type="stmt"/>
        <line num="34" count="1" type="stmt"/>
        <line num="40" count="1" type="stmt"/>
        <line num="59" count="1" type="stmt"/>
        <line num="69" count="1" type="stmt"/>
        <line num="76" count="1" type="stmt"/>
        <line num="77" count="0" type="stmt"/>
        <line num="78" count="0" type="stmt"/>
        <line num="79" count="0" type="stmt"/>
        <line num="80" count="0" type="stmt"/>
        <line num="82" count="0" type="stmt"/>
      </file>
      <file name="CollectionList.jsx" path="/Users/cmcoffey-puccini/Desktop/HR/FEC/Collections/client/src/components/CollectionList.jsx">
        <metrics statements="9" coveredstatements="7" conditionals="5" coveredconditionals="0" methods="2" coveredmethods="0"/>
        <line num="13" count="1" type="stmt"/>
        <line num="19" count="1" type="stmt"/>
        <line num="29" count="1" type="stmt"/>
        <line num="42" count="1" type="stmt"/>
        <line num="51" count="1" type="stmt"/>
        <line num="64" count="1" type="stmt"/>
        <line num="73" count="1" type="stmt"/>
        <line num="74" count="0" type="stmt"/>
        <line num="77" count="0" type="stmt"/>
      </file>
    </package>
    <package name="tests">
      <metrics statements="2" coveredstatements="2" conditionals="0" coveredconditionals="0" methods="1" coveredmethods="1"/>
      <file name="sum.js" path="/Users/cmcoffey-puccini/Desktop/HR/FEC/Collections/tests/sum.js">
        <metrics statements="2" coveredstatements="2" conditionals="0" coveredconditionals="0" methods="1" coveredmethods="1"/>
        <line num="2" count="1" type="stmt"/>
        <line num="5" count="1" type="stmt"/>
      </file>
    </package>
  </project>
</coverage>
