{"/Users/cmcoffey-puccini/Desktop/HR/FEC/Collections/client/src/components/App.jsx": {"path":"/Users/cmcoffey-puccini/Desktop/HR/FEC/Collections/client/src/components/App.jsx","statementMap":{"0":{"start":{"line":27,"column":14},"end":{"line":33,"column":1}},"1":{"start":{"line":35,"column":13},"end":{"line":39,"column":1}},"2":{"start":{"line":43,"column":4},"end":{"line":43,"column":17}},"3":{"start":{"line":45,"column":4},"end":{"line":50,"column":6}},"4":{"start":{"line":52,"column":4},"end":{"line":52,"column":73}},"5":{"start":{"line":53,"column":4},"end":{"line":53,"column":81}},"6":{"start":{"line":58,"column":4},"end":{"line":58,"column":26}},"7":{"start":{"line":62,"column":4},"end":{"line":75,"column":7}},"8":{"start":{"line":66,"column":8},"end":{"line":66,"column":58}},"9":{"start":{"line":67,"column":8},"end":{"line":70,"column":11}},"10":{"start":{"line":73,"column":8},"end":{"line":73,"column":55}},"11":{"start":{"line":79,"column":4},"end":{"line":79,"column":36}},"12":{"start":{"line":80,"column":4},"end":{"line":82,"column":7}},"13":{"start":{"line":86,"column":4},"end":{"line":86,"column":36}},"14":{"start":{"line":87,"column":4},"end":{"line":89,"column":7}},"15":{"start":{"line":93,"column":28},"end":{"line":93,"column":119}},"16":{"start":{"line":95,"column":4},"end":{"line":100,"column":6}}},"fnMap":{"0":{"name":"(anonymous_0)","decl":{"start":{"line":42,"column":2},"end":{"line":42,"column":3}},"loc":{"start":{"line":42,"column":21},"end":{"line":54,"column":3}},"line":42},"1":{"name":"(anonymous_1)","decl":{"start":{"line":57,"column":2},"end":{"line":57,"column":3}},"loc":{"start":{"line":57,"column":22},"end":{"line":59,"column":3}},"line":57},"2":{"name":"(anonymous_2)","decl":{"start":{"line":61,"column":2},"end":{"line":61,"column":3}},"loc":{"start":{"line":61,"column":19},"end":{"line":76,"column":3}},"line":61},"3":{"name":"(anonymous_3)","decl":{"start":{"line":65,"column":15},"end":{"line":65,"column":16}},"loc":{"start":{"line":65,"column":25},"end":{"line":71,"column":7}},"line":65},"4":{"name":"(anonymous_4)","decl":{"start":{"line":72,"column":13},"end":{"line":72,"column":14}},"loc":{"start":{"line":72,"column":19},"end":{"line":74,"column":7}},"line":72},"5":{"name":"(anonymous_5)","decl":{"start":{"line":78,"column":2},"end":{"line":78,"column":3}},"loc":{"start":{"line":78,"column":27},"end":{"line":83,"column":3}},"line":78},"6":{"name":"(anonymous_6)","decl":{"start":{"line":85,"column":2},"end":{"line":85,"column":3}},"loc":{"start":{"line":85,"column":31},"end":{"line":90,"column":3}},"line":85},"7":{"name":"(anonymous_7)","decl":{"start":{"line":92,"column":2},"end":{"line":92,"column":3}},"loc":{"start":{"line":92,"column":11},"end":{"line":101,"column":3}},"line":92}},"branchMap":{},"s":{"0":1,"1":1,"2":2,"3":2,"4":2,"5":2,"6":2,"7":2,"8":0,"9":0,"10":0,"11":0,"12":0,"13":0,"14":0,"15":2,"16":2},"f":{"0":2,"1":2,"2":2,"3":0,"4":0,"5":0,"6":0,"7":2},"b":{},"_coverageSchema":"1a1c01bbd47fc00a2c39e90264f33305004495a9","hash":"03c42b4f77249978f498ff302e641fe24899867f"}
,"/Users/cmcoffey-puccini/Desktop/HR/FEC/Collections/client/src/components/CollectionItem.jsx": {"path":"/Users/cmcoffey-puccini/Desktop/HR/FEC/Collections/client/src/components/CollectionItem.jsx","statementMap":{"0":{"start":{"line":5,"column":24},"end":{"line":13,"column":1}},"1":{"start":{"line":7,"column":24},"end":{"line":7,"column":57}},"2":{"start":{"line":8,"column":26},"end":{"line":8,"column":57}},"3":{"start":{"line":9,"column":20},"end":{"line":9,"column":59}},"4":{"start":{"line":15,"column":19},"end":{"line":20,"column":1}},"5":{"start":{"line":22,"column":23},"end":{"line":32,"column":1}},"6":{"start":{"line":34,"column":19},"end":{"line":38,"column":1}},"7":{"start":{"line":40,"column":21},"end":{"line":57,"column":1}},"8":{"start":{"line":59,"column":26},"end":{"line":67,"column":1}},"9":{"start":{"line":69,"column":21},"end":{"line":74,"column":1}},"10":{"start":{"line":76,"column":23},"end":{"line":95,"column":1}},"11":{"start":{"line":77,"column":20},"end":{"line":77,"column":60}},"12":{"start":{"line":78,"column":22},"end":{"line":78,"column":63}},"13":{"start":{"line":79,"column":2},"end":{"line":79,"column":52}},"14":{"start":{"line":80,"column":19},"end":{"line":80,"column":38}},"15":{"start":{"line":82,"column":2},"end":{"line":94,"column":4}}},"fnMap":{"0":{"name":"(anonymous_0)","decl":{"start":{"line":7,"column":15},"end":{"line":7,"column":16}},"loc":{"start":{"line":7,"column":24},"end":{"line":7,"column":57}},"line":7},"1":{"name":"(anonymous_1)","decl":{"start":{"line":8,"column":17},"end":{"line":8,"column":18}},"loc":{"start":{"line":8,"column":26},"end":{"line":8,"column":57}},"line":8},"2":{"name":"(anonymous_2)","decl":{"start":{"line":9,"column":11},"end":{"line":9,"column":12}},"loc":{"start":{"line":9,"column":20},"end":{"line":9,"column":59}},"line":9},"3":{"name":"(anonymous_3)","decl":{"start":{"line":76,"column":23},"end":{"line":76,"column":24}},"loc":{"start":{"line":76,"column":34},"end":{"line":95,"column":1}},"line":76}},"branchMap":{"0":{"loc":{"start":{"line":7,"column":24},"end":{"line":7,"column":57}},"type":"cond-expr","locations":[{"start":{"line":7,"column":42},"end":{"line":7,"column":48}},{"start":{"line":7,"column":51},"end":{"line":7,"column":57}}],"line":7},"1":{"loc":{"start":{"line":8,"column":26},"end":{"line":8,"column":57}},"type":"cond-expr","locations":[{"start":{"line":8,"column":44},"end":{"line":8,"column":49}},{"start":{"line":8,"column":52},"end":{"line":8,"column":57}}],"line":8},"2":{"loc":{"start":{"line":9,"column":20},"end":{"line":9,"column":59}},"type":"cond-expr","locations":[{"start":{"line":9,"column":38},"end":{"line":9,"column":47}},{"start":{"line":9,"column":50},"end":{"line":9,"column":59}}],"line":9}},"s":{"0":1,"1":0,"2":0,"3":0,"4":1,"5":1,"6":1,"7":1,"8":1,"9":1,"10":1,"11":0,"12":0,"13":0,"14":0,"15":0},"f":{"0":0,"1":0,"2":0,"3":0},"b":{"0":[0,0],"1":[0,0],"2":[0,0]},"_coverageSchema":"1a1c01bbd47fc00a2c39e90264f33305004495a9","hash":"26c5be4e19b892b11dddaa43de3773e3cb815cf0"}
,"/Users/cmcoffey-puccini/Desktop/HR/FEC/Collections/client/src/components/CollectionList.jsx": {"path":"/Users/cmcoffey-puccini/Desktop/HR/FEC/Collections/client/src/components/CollectionList.jsx","statementMap":{"0":{"start":{"line":13,"column":30},"end":{"line":17,"column":1}},"1":{"start":{"line":19,"column":22},"end":{"line":27,"column":1}},"2":{"start":{"line":29,"column":19},"end":{"line":40,"column":1}},"3":{"start":{"line":42,"column":22},"end":{"line":49,"column":1}},"4":{"start":{"line":51,"column":19},"end":{"line":62,"column":1}},"5":{"start":{"line":64,"column":22},"end":{"line":71,"column":1}},"6":{"start":{"line":73,"column":23},"end":{"line":91,"column":1}},"7":{"start":{"line":74,"column":2},"end":{"line":90,"column":26}},"8":{"start":{"line":77,"column":8},"end":{"line":77,"column":62}}},"fnMap":{"0":{"name":"(anonymous_0)","decl":{"start":{"line":73,"column":23},"end":{"line":73,"column":24}},"loc":{"start":{"line":74,"column":2},"end":{"line":90,"column":26}},"line":74},"1":{"name":"(anonymous_1)","decl":{"start":{"line":76,"column":33},"end":{"line":76,"column":34}},"loc":{"start":{"line":76,"column":52},"end":{"line":78,"column":7}},"line":76}},"branchMap":{"0":{"loc":{"start":{"line":80,"column":5},"end":{"line":83,"column":17}},"type":"binary-expr","locations":[{"start":{"line":80,"column":5},"end":{"line":80,"column":42}},{"start":{"line":80,"column":46},"end":{"line":80,"column":77}},{"start":{"line":81,"column":4},"end":{"line":83,"column":17}}],"line":80},"1":{"loc":{"start":{"line":85,"column":5},"end":{"line":88,"column":17}},"type":"binary-expr","locations":[{"start":{"line":85,"column":5},"end":{"line":85,"column":37}},{"start":{"line":86,"column":4},"end":{"line":88,"column":17}}],"line":85}},"s":{"0":1,"1":1,"2":1,"3":1,"4":1,"5":1,"6":1,"7":0,"8":0},"f":{"0":0,"1":0},"b":{"0":[0,0,0],"1":[0,0]},"_coverageSchema":"1a1c01bbd47fc00a2c39e90264f33305004495a9","hash":"3818bd41ecb0b93d0560161c1f768a682b2c263c"}
,"/Users/cmcoffey-puccini/Desktop/HR/FEC/Collections/tests/sum.js": {"path":"/Users/cmcoffey-puccini/Desktop/HR/FEC/Collections/tests/sum.js","statementMap":{"0":{"start":{"line":2,"column":2},"end":{"line":2,"column":15}},"1":{"start":{"line":5,"column":0},"end":{"line":5,"column":21}}},"fnMap":{"0":{"name":"sum","decl":{"start":{"line":1,"column":9},"end":{"line":1,"column":12}},"loc":{"start":{"line":1,"column":19},"end":{"line":3,"column":1}},"line":1}},"branchMap":{},"s":{"0":1,"1":1},"f":{"0":1},"b":{},"inputSourceMap":null,"_coverageSchema":"1a1c01bbd47fc00a2c39e90264f33305004495a9","hash":"28c073c375e5d1df27388f5f79dac19f5e85430b"}
}
