TN:
SF:client/src/components/App.jsx
FN:42,(anonymous_0)
FN:57,(anonymous_1)
FN:61,(anonymous_2)
FN:65,(anonymous_3)
FN:72,(anonymous_4)
FN:78,(anonymous_5)
FN:85,(anonymous_6)
FN:92,(anonymous_7)
FNF:8
FNH:4
FNDA:2,(anonymous_0)
FNDA:2,(anonymous_1)
FNDA:2,(anonymous_2)
FNDA:0,(anonymous_3)
FNDA:0,(anonymous_4)
FNDA:0,(anonymous_5)
FNDA:0,(anonymous_6)
FNDA:2,(anonymous_7)
DA:27,1
DA:35,1
DA:43,2
DA:45,2
DA:52,2
DA:53,2
DA:58,2
DA:62,2
DA:66,0
DA:67,0
DA:73,0
DA:79,0
DA:80,0
DA:86,0
DA:87,0
DA:93,2
DA:95,2
LF:17
LH:10
BRF:0
BRH:0
end_of_record
TN:
SF:client/src/components/CollectionItem.jsx
FN:7,(anonymous_0)
FN:8,(anonymous_1)
FN:9,(anonymous_2)
FN:76,(anonymous_3)
FNF:4
FNH:0
FNDA:0,(anonymous_0)
FNDA:0,(anonymous_1)
FNDA:0,(anonymous_2)
FNDA:0,(anonymous_3)
DA:5,1
DA:7,0
DA:8,0
DA:9,0
DA:15,1
DA:22,1
DA:34,1
DA:40,1
DA:59,1
DA:69,1
DA:76,1
DA:77,0
DA:78,0
DA:79,0
DA:80,0
DA:82,0
LF:16
LH:8
BRDA:7,0,0,0
BRDA:7,0,1,0
BRDA:8,1,0,0
BRDA:8,1,1,0
BRDA:9,2,0,0
BRDA:9,2,1,0
BRF:6
BRH:0
end_of_record
TN:
SF:client/src/components/CollectionList.jsx
FN:73,(anonymous_0)
FN:76,(anonymous_1)
FNF:2
FNH:0
FNDA:0,(anonymous_0)
FNDA:0,(anonymous_1)
DA:13,1
DA:19,1
DA:29,1
DA:42,1
DA:51,1
DA:64,1
DA:73,1
DA:74,0
DA:77,0
LF:9
LH:7
BRDA:80,0,0,0
BRDA:80,0,1,0
BRDA:80,0,2,0
BRDA:85,1,0,0
BRDA:85,1,1,0
BRF:5
BRH:0
end_of_record
TN:
SF:tests/sum.js
FN:1,sum
FNF:1
FNH:1
FNDA:1,sum
DA:2,1
DA:5,1
LF:2
LH:2
BRF:0
BRH:0
end_of_record
